<?xml version="1.0" encoding="UTF-8"?>
<!-- Generated by org.testng.reporters.JUnitReportReporter -->
<testsuite hostname="Chhayas-Air.lan" failures="0" tests="1" name="Myntra.Order" time="13.856" errors="0" timestamp="2024-02-27T18:17:49 EST" skipped="0">
  <testcase classname="Myntra.Order" name="zohoTest" time="13.856"/>
  <system-out/>
</testsuite> <!-- Myntra.Order -->
