<?xml version="1.0" encoding="UTF-8"?>
<!-- Generated by org.testng.reporters.JUnitReportReporter -->
<testsuite hostname="Chhayas-Air.lan" failures="0" tests="1" name="Myntra.Order" time="8.821" errors="0" timestamp="2024-02-26T15:30:08 EST" skipped="0">
  <testcase classname="Myntra.Order" name="zohoTest" time="8.821"/>
  <system-out/>
</testsuite> <!-- Myntra.Order -->
