<?xml version="1.0" encoding="UTF-8"?>
<!-- Generated by org.testng.reporters.JUnitReportReporter -->
<testsuite hostname="Chhayas-Air.lan" failures="0" tests="1" name="Myntra.Order" time="5.526" errors="0" timestamp="2024-03-01T11:20:04 EST" skipped="0">
  <testcase classname="Myntra.Order" name="zohoTest" time="5.526"/>
  <system-out/>
</testsuite> <!-- Myntra.Order -->
