<?xml version="1.0" encoding="UTF-8"?>
<!-- Generated by org.testng.reporters.JUnitReportReporter -->
<testsuite hostname="Chhayas-Air.lan" failures="0" tests="1" name="Myntra.Order" time="17.210" errors="0" timestamp="2024-02-23T17:26:00 EST" skipped="0">
  <testcase classname="Myntra.Order" name="zohoTest" time="17.210"/>
  <system-out/>
</testsuite> <!-- Myntra.Order -->
